<?xml version="1.0" encoding="UTF-8"?>
<!-- Generated by org.testng.reporters.JUnitReportReporter -->
<testsuite skipped="0" hostname="sathyk31" name="mavenProject.GoogleTest" tests="1" failures="0" timestamp="07 Mar 2019 09:51:56 GMT" time="0.020" errors="0">
  <testcase name="launchTest" time="0.020" classname="mavenProject.GoogleTest"/>
</testsuite> <!-- mavenProject.GoogleTest -->
